-- Found ament_cmake: 1.3.10 (/opt/ros/humble/share/ament_cmake/cmake)
-- Found rclcpp: 16.0.10 (/opt/ros/humble/share/rclcpp/cmake)
-- Found rosidl_generator_c: 3.1.5 (/opt/ros/humble/share/rosidl_generator_c/cmake)
-- Found rosidl_adapter: 3.1.5 (/opt/ros/humble/share/rosidl_adapter/cmake)
-- Found rosidl_generator_cpp: 3.1.5 (/opt/ros/humble/share/rosidl_generator_cpp/cmake)
-- Using all available rosidl_typesupport_c: rosidl_typesupport_fastrtps_c;rosidl_typesupport_introspection_c
-- Using all available rosidl_typesupport_cpp: rosidl_typesupport_fastrtps_cpp;rosidl_typesupport_introspection_cpp
-- Found rmw_implementation_cmake: 6.1.2 (/opt/ros/humble/share/rmw_implementation_cmake/cmake)
-- Found rmw_fastrtps_cpp: 6.2.7 (/opt/ros/humble/share/rmw_fastrtps_cpp/cmake)
-- Using RMW implementation 'rmw_fastrtps_cpp' as default
-- Found YARP: /usr/lib/x86_64-linux-gnu/cmake/YARP (found version "3.7.0")
-- Configuring done
-- Generating done
-- Build files have been written to: /home/peach/ros2_ws/src/simple_listener/build/simple_listener
[ 50%] [32mBuilding CXX object CMakeFiles/simple_listener.dir/src/main.cpp.o[0m
[100%] [32m[1mLinking CXX executable simple_listener[0m
[100%] Built target simple_listener
-- Install configuration: ""
-- Installing: /home/peach/ros2_ws/src/simple_listener/install/simple_listener/lib/simple_listener/simple_listener
-- Set runtime path of "/home/peach/ros2_ws/src/simple_listener/install/simple_listener/lib/simple_listener/simple_listener" to ""
-- Installing: /home/peach/ros2_ws/src/simple_listener/install/simple_listener/share/ament_index/resource_index/package_run_dependencies/simple_listener
-- Installing: /home/peach/ros2_ws/src/simple_listener/install/simple_listener/share/ament_index/resource_index/parent_prefix_path/simple_listener
-- Installing: /home/peach/ros2_ws/src/simple_listener/install/simple_listener/share/simple_listener/environment/ament_prefix_path.sh
-- Installing: /home/peach/ros2_ws/src/simple_listener/install/simple_listener/share/simple_listener/environment/ament_prefix_path.dsv
-- Installing: /home/peach/ros2_ws/src/simple_listener/install/simple_listener/share/simple_listener/environment/path.sh
-- Installing: /home/peach/ros2_ws/src/simple_listener/install/simple_listener/share/simple_listener/environment/path.dsv
-- Installing: /home/peach/ros2_ws/src/simple_listener/install/simple_listener/share/simple_listener/local_setup.bash
-- Installing: /home/peach/ros2_ws/src/simple_listener/install/simple_listener/share/simple_listener/local_setup.sh
-- Installing: /home/peach/ros2_ws/src/simple_listener/install/simple_listener/share/simple_listener/local_setup.zsh
-- Installing: /home/peach/ros2_ws/src/simple_listener/install/simple_listener/share/simple_listener/local_setup.dsv
-- Installing: /home/peach/ros2_ws/src/simple_listener/install/simple_listener/share/simple_listener/package.dsv
-- Installing: /home/peach/ros2_ws/src/simple_listener/install/simple_listener/share/ament_index/resource_index/packages/simple_listener
-- Installing: /home/peach/ros2_ws/src/simple_listener/install/simple_listener/share/simple_listener/cmake/simple_listenerConfig.cmake
-- Installing: /home/peach/ros2_ws/src/simple_listener/install/simple_listener/share/simple_listener/cmake/simple_listenerConfig-version.cmake
-- Installing: /home/peach/ros2_ws/src/simple_listener/install/simple_listener/share/simple_listener/package.xml
