[0.015s] Invoking command in '/home/peach/ros2_ws/src/simple_listener/build/simple_listener': CMAKE_PREFIX_PATH=${CMAKE_PREFIX_PATH}:/opt/ros/humble /usr/bin/cmake --build /home/peach/ros2_ws/src/simple_listener/build/simple_listener -- -j4 -l4
[0.059s] -- Found ament_cmake: 1.3.10 (/opt/ros/humble/share/ament_cmake/cmake)
[0.200s] -- Found rclcpp: 16.0.10 (/opt/ros/humble/share/rclcpp/cmake)
[0.234s] -- Found rosidl_generator_c: 3.1.5 (/opt/ros/humble/share/rosidl_generator_c/cmake)
[0.238s] -- Found rosidl_adapter: 3.1.5 (/opt/ros/humble/share/rosidl_adapter/cmake)
[0.246s] -- Found rosidl_generator_cpp: 3.1.5 (/opt/ros/humble/share/rosidl_generator_cpp/cmake)
[0.259s] -- Using all available rosidl_typesupport_c: rosidl_typesupport_fastrtps_c;rosidl_typesupport_introspection_c
[0.275s] -- Using all available rosidl_typesupport_cpp: rosidl_typesupport_fastrtps_cpp;rosidl_typesupport_introspection_cpp
[0.314s] -- Found rmw_implementation_cmake: 6.1.2 (/opt/ros/humble/share/rmw_implementation_cmake/cmake)
[0.316s] -- Found rmw_fastrtps_cpp: 6.2.7 (/opt/ros/humble/share/rmw_fastrtps_cpp/cmake)
[0.438s] -- Using RMW implementation 'rmw_fastrtps_cpp' as default
[0.510s] -- Found YARP: /usr/lib/x86_64-linux-gnu/cmake/YARP (found version "3.7.0")
[0.524s] [31mCMake Error at CMakeLists.txt:17 (find_package):
[0.524s]   By not providing "FindNetwork.cmake" in CMAKE_MODULE_PATH this project has
[0.525s]   asked CMake to find a package configuration file provided by "Network", but
[0.526s]   CMake did not find one.
[0.526s] 
[0.526s]   Could not find a package configuration file provided by "Network" with any
[0.526s]   of the following names:
[0.526s] 
[0.526s]     NetworkConfig.cmake
[0.526s] -- Configuring incomplete, errors occurred!
[0.526s] See also "/home/peach/ros2_ws/src/simple_listener/build/simple_listener/CMakeFiles/CMakeOutput.log".
[0.527s]     network-config.cmake
[0.527s] 
[0.527s]   Add the installation prefix of "Network" to CMAKE_PREFIX_PATH or set
[0.531s]   "Network_DIR" to a directory containing one of the above files.  If
[0.531s]   "Network" provides a separate development package or SDK, be sure it has
[0.531s]   been installed.
[0.531s] 
[0.531s] [0m
[0.538s] gmake: *** [Makefile:267: cmake_check_build_system] Error 1
[0.541s] Invoked command in '/home/peach/ros2_ws/src/simple_listener/build/simple_listener' returned '2': CMAKE_PREFIX_PATH=${CMAKE_PREFIX_PATH}:/opt/ros/humble /usr/bin/cmake --build /home/peach/ros2_ws/src/simple_listener/build/simple_listener -- -j4 -l4
