[0.030s] Invoking command in '/home/peach/ros2_ws/src/simple_listener/build/simple_listener': CMAKE_PREFIX_PATH=${CMAKE_PREFIX_PATH}:/opt/ros/humble /usr/bin/cmake --build /home/peach/ros2_ws/src/simple_listener/build/simple_listener -- -j4 -l4
[0.193s] [35m[1mConsolidate compiler generated dependencies of target simple_listener[0m
[0.239s] [ 50%] [32mBuilding CXX object CMakeFiles/simple_listener.dir/src/main.cpp.o[0m
[3.533s] [100%] [32m[1mLinking CXX executable simple_listener[0m
[3.812s] [100%] Built target simple_listener
[3.833s] Invoked command in '/home/peach/ros2_ws/src/simple_listener/build/simple_listener' returned '0': CMAKE_PREFIX_PATH=${CMAKE_PREFIX_PATH}:/opt/ros/humble /usr/bin/cmake --build /home/peach/ros2_ws/src/simple_listener/build/simple_listener -- -j4 -l4
[3.917s] Invoking command in '/home/peach/ros2_ws/src/simple_listener/build/simple_listener': CMAKE_PREFIX_PATH=${CMAKE_PREFIX_PATH}:/opt/ros/humble /usr/bin/cmake --install /home/peach/ros2_ws/src/simple_listener/build/simple_listener
[3.934s] -- Install configuration: ""
[3.935s] -- Installing: /home/peach/ros2_ws/src/simple_listener/install/simple_listener/lib/simple_listener/simple_listener
[3.939s] -- Set runtime path of "/home/peach/ros2_ws/src/simple_listener/install/simple_listener/lib/simple_listener/simple_listener" to ""
[3.939s] -- Up-to-date: /home/peach/ros2_ws/src/simple_listener/install/simple_listener/share/ament_index/resource_index/package_run_dependencies/simple_listener
[3.939s] -- Up-to-date: /home/peach/ros2_ws/src/simple_listener/install/simple_listener/share/ament_index/resource_index/parent_prefix_path/simple_listener
[3.939s] -- Up-to-date: /home/peach/ros2_ws/src/simple_listener/install/simple_listener/share/simple_listener/environment/ament_prefix_path.sh
[3.939s] -- Up-to-date: /home/peach/ros2_ws/src/simple_listener/install/simple_listener/share/simple_listener/environment/ament_prefix_path.dsv
[3.939s] -- Up-to-date: /home/peach/ros2_ws/src/simple_listener/install/simple_listener/share/simple_listener/environment/path.sh
[3.939s] -- Up-to-date: /home/peach/ros2_ws/src/simple_listener/install/simple_listener/share/simple_listener/environment/path.dsv
[3.939s] -- Up-to-date: /home/peach/ros2_ws/src/simple_listener/install/simple_listener/share/simple_listener/local_setup.bash
[3.940s] -- Up-to-date: /home/peach/ros2_ws/src/simple_listener/install/simple_listener/share/simple_listener/local_setup.sh
[3.940s] -- Up-to-date: /home/peach/ros2_ws/src/simple_listener/install/simple_listener/share/simple_listener/local_setup.zsh
[3.940s] -- Up-to-date: /home/peach/ros2_ws/src/simple_listener/install/simple_listener/share/simple_listener/local_setup.dsv
[3.940s] -- Installing: /home/peach/ros2_ws/src/simple_listener/install/simple_listener/share/simple_listener/package.dsv
[3.943s] -- Up-to-date: /home/peach/ros2_ws/src/simple_listener/install/simple_listener/share/ament_index/resource_index/packages/simple_listener
[3.943s] -- Up-to-date: /home/peach/ros2_ws/src/simple_listener/install/simple_listener/share/simple_listener/cmake/simple_listenerConfig.cmake
[3.944s] -- Up-to-date: /home/peach/ros2_ws/src/simple_listener/install/simple_listener/share/simple_listener/cmake/simple_listenerConfig-version.cmake
[3.944s] -- Up-to-date: /home/peach/ros2_ws/src/simple_listener/install/simple_listener/share/simple_listener/package.xml
[3.947s] Invoked command in '/home/peach/ros2_ws/src/simple_listener/build/simple_listener' returned '0': CMAKE_PREFIX_PATH=${CMAKE_PREFIX_PATH}:/opt/ros/humble /usr/bin/cmake --install /home/peach/ros2_ws/src/simple_listener/build/simple_listener
