[0.024s] Invoking command in '/home/peach/ros2_ws/src/simple_listener/build/simple_listener': CMAKE_PREFIX_PATH=${CMAKE_PREFIX_PATH}:/opt/ros/humble /usr/bin/cmake --build /home/peach/ros2_ws/src/simple_listener/build/simple_listener -- -j4 -l4
[0.273s] [35m[1mConsolidate compiler generated dependencies of target simple_listener[0m
[0.332s] [ 50%] [32mBuilding CXX object CMakeFiles/simple_listener.dir/src/main.cpp.o[0m
[3.852s] [100%] [32m[1mLinking CXX executable simple_listener[0m
[4.158s] [100%] Built target simple_listener
[4.184s] Invoked command in '/home/peach/ros2_ws/src/simple_listener/build/simple_listener' returned '0': CMAKE_PREFIX_PATH=${CMAKE_PREFIX_PATH}:/opt/ros/humble /usr/bin/cmake --build /home/peach/ros2_ws/src/simple_listener/build/simple_listener -- -j4 -l4
[4.284s] Invoking command in '/home/peach/ros2_ws/src/simple_listener/build/simple_listener': CMAKE_PREFIX_PATH=${CMAKE_PREFIX_PATH}:/opt/ros/humble /usr/bin/cmake --install /home/peach/ros2_ws/src/simple_listener/build/simple_listener
[4.301s] -- Install configuration: ""
[4.304s] -- Installing: /home/peach/ros2_ws/src/simple_listener/install/simple_listener/lib/simple_listener/simple_listener
[4.306s] -- Set runtime path of "/home/peach/ros2_ws/src/simple_listener/install/simple_listener/lib/simple_listener/simple_listener" to ""
[4.307s] -- Up-to-date: /home/peach/ros2_ws/src/simple_listener/install/simple_listener/share/ament_index/resource_index/package_run_dependencies/simple_listener
[4.307s] -- Up-to-date: /home/peach/ros2_ws/src/simple_listener/install/simple_listener/share/ament_index/resource_index/parent_prefix_path/simple_listener
[4.307s] -- Up-to-date: /home/peach/ros2_ws/src/simple_listener/install/simple_listener/share/simple_listener/environment/ament_prefix_path.sh
[4.307s] -- Up-to-date: /home/peach/ros2_ws/src/simple_listener/install/simple_listener/share/simple_listener/environment/ament_prefix_path.dsv
[4.307s] -- Up-to-date: /home/peach/ros2_ws/src/simple_listener/install/simple_listener/share/simple_listener/environment/path.sh
[4.309s] -- Up-to-date: /home/peach/ros2_ws/src/simple_listener/install/simple_listener/share/simple_listener/environment/path.dsv
[4.310s] -- Up-to-date: /home/peach/ros2_ws/src/simple_listener/install/simple_listener/share/simple_listener/local_setup.bash
[4.310s] -- Up-to-date: /home/peach/ros2_ws/src/simple_listener/install/simple_listener/share/simple_listener/local_setup.sh
[4.310s] -- Up-to-date: /home/peach/ros2_ws/src/simple_listener/install/simple_listener/share/simple_listener/local_setup.zsh
[4.310s] -- Up-to-date: /home/peach/ros2_ws/src/simple_listener/install/simple_listener/share/simple_listener/local_setup.dsv
[4.310s] -- Installing: /home/peach/ros2_ws/src/simple_listener/install/simple_listener/share/simple_listener/package.dsv
[4.310s] -- Up-to-date: /home/peach/ros2_ws/src/simple_listener/install/simple_listener/share/ament_index/resource_index/packages/simple_listener
[4.310s] -- Up-to-date: /home/peach/ros2_ws/src/simple_listener/install/simple_listener/share/simple_listener/cmake/simple_listenerConfig.cmake
[4.311s] -- Up-to-date: /home/peach/ros2_ws/src/simple_listener/install/simple_listener/share/simple_listener/cmake/simple_listenerConfig-version.cmake
[4.311s] -- Up-to-date: /home/peach/ros2_ws/src/simple_listener/install/simple_listener/share/simple_listener/package.xml
[4.313s] Invoked command in '/home/peach/ros2_ws/src/simple_listener/build/simple_listener' returned '0': CMAKE_PREFIX_PATH=${CMAKE_PREFIX_PATH}:/opt/ros/humble /usr/bin/cmake --install /home/peach/ros2_ws/src/simple_listener/build/simple_listener
