[0.234s] DEBUG:colcon:Command line arguments: ['/usr/bin/colcon', 'build']
[0.234s] DEBUG:colcon:Parsed command line arguments: Namespace(log_base=None, log_level=None, verb_name='build', build_base='build', install_base='install', merge_install=False, symlink_install=False, test_result_base=None, continue_on_error=False, executor='parallel', parallel_workers=4, event_handlers=None, ignore_user_meta=False, metas=['./colcon.meta'], base_paths=['.'], packages_ignore=None, packages_ignore_regex=None, paths=None, packages_up_to=None, packages_up_to_regex=None, packages_above=None, packages_above_and_dependencies=None, packages_above_depth=None, packages_select_by_dep=None, packages_skip_by_dep=None, packages_skip_up_to=None, packages_select_build_failed=False, packages_skip_build_finished=False, packages_select_test_failures=False, packages_skip_test_passed=False, packages_select=None, packages_skip=None, packages_select_regex=None, packages_skip_regex=None, packages_start=None, packages_end=None, allow_overriding=[], cmake_args=None, cmake_target=None, cmake_target_skip_unavailable=False, cmake_clean_cache=False, cmake_clean_first=False, cmake_force_configure=False, ament_cmake_args=None, catkin_cmake_args=None, catkin_skip_building_tests=False, verb_parser=<colcon_defaults.argument_parser.defaults.DefaultArgumentsDecorator object at 0x79b63930bdc0>, verb_extension=<colcon_core.verb.build.BuildVerb object at 0x79b63930b7f0>, main=<bound method BuildVerb.main of <colcon_core.verb.build.BuildVerb object at 0x79b63930b7f0>>)
[0.552s] Level 1:colcon.colcon_core.package_discovery:discover_packages(colcon_meta) check parameters
[0.553s] Level 1:colcon.colcon_core.package_discovery:discover_packages(recursive) check parameters
[0.553s] Level 1:colcon.colcon_core.package_discovery:discover_packages(ignore) check parameters
[0.553s] Level 1:colcon.colcon_core.package_discovery:discover_packages(path) check parameters
[0.553s] Level 1:colcon.colcon_core.package_discovery:discover_packages(colcon_meta) discover
[0.553s] Level 1:colcon.colcon_core.package_discovery:discover_packages(recursive) discover
[0.553s] INFO:colcon.colcon_core.package_discovery:Crawling recursively for packages in '/home/peach/ros2_ws/src/simple_listener'
[0.553s] Level 1:colcon.colcon_core.package_identification:_identify(.) by extensions ['ignore', 'ignore_ament_install']
[0.553s] Level 1:colcon.colcon_core.package_identification:_identify(.) by extension 'ignore'
[0.553s] Level 1:colcon.colcon_core.package_identification:_identify(.) by extension 'ignore_ament_install'
[0.553s] Level 1:colcon.colcon_core.package_identification:_identify(.) by extensions ['colcon_pkg']
[0.553s] Level 1:colcon.colcon_core.package_identification:_identify(.) by extension 'colcon_pkg'
[0.553s] Level 1:colcon.colcon_core.package_identification:_identify(.) by extensions ['colcon_meta']
[0.553s] Level 1:colcon.colcon_core.package_identification:_identify(.) by extension 'colcon_meta'
[0.553s] Level 1:colcon.colcon_core.package_identification:_identify(.) by extensions ['ros']
[0.553s] Level 1:colcon.colcon_core.package_identification:_identify(.) by extension 'ros'
[0.573s] DEBUG:colcon.colcon_core.package_identification:Package '.' with type 'ros.ament_cmake' and name 'simple_listener'
[0.573s] Level 1:colcon.colcon_core.package_discovery:discover_packages(recursive) using defaults
[0.573s] Level 1:colcon.colcon_core.package_discovery:discover_packages(ignore) discover
[0.573s] Level 1:colcon.colcon_core.package_discovery:discover_packages(ignore) using defaults
[0.573s] Level 1:colcon.colcon_core.package_discovery:discover_packages(path) discover
[0.573s] Level 1:colcon.colcon_core.package_discovery:discover_packages(path) using defaults
[0.607s] Level 1:colcon.colcon_core.package_discovery:discover_packages(prefix_path) check parameters
[0.608s] Level 1:colcon.colcon_core.package_discovery:discover_packages(prefix_path) discover
[0.614s] DEBUG:colcon.colcon_installed_package_information.package_discovery:Found 1 installed packages in /home/peach/ros2_ws/src/simple_listener/install
[0.617s] DEBUG:colcon.colcon_installed_package_information.package_discovery:Found 5 installed packages in /home/peach/install
[0.621s] DEBUG:colcon.colcon_installed_package_information.package_discovery:Found 313 installed packages in /opt/ros/humble
[0.623s] Level 1:colcon.colcon_core.package_discovery:discover_packages(prefix_path) using defaults
[0.743s] Level 5:colcon.colcon_core.verb:set package 'simple_listener' build argument 'cmake_args' from command line to 'None'
[0.744s] Level 5:colcon.colcon_core.verb:set package 'simple_listener' build argument 'cmake_target' from command line to 'None'
[0.744s] Level 5:colcon.colcon_core.verb:set package 'simple_listener' build argument 'cmake_target_skip_unavailable' from command line to 'False'
[0.744s] Level 5:colcon.colcon_core.verb:set package 'simple_listener' build argument 'cmake_clean_cache' from command line to 'False'
[0.744s] Level 5:colcon.colcon_core.verb:set package 'simple_listener' build argument 'cmake_clean_first' from command line to 'False'
[0.744s] Level 5:colcon.colcon_core.verb:set package 'simple_listener' build argument 'cmake_force_configure' from command line to 'False'
[0.744s] Level 5:colcon.colcon_core.verb:set package 'simple_listener' build argument 'ament_cmake_args' from command line to 'None'
[0.744s] Level 5:colcon.colcon_core.verb:set package 'simple_listener' build argument 'catkin_cmake_args' from command line to 'None'
[0.744s] Level 5:colcon.colcon_core.verb:set package 'simple_listener' build argument 'catkin_skip_building_tests' from command line to 'False'
[0.744s] DEBUG:colcon.colcon_core.verb:Building package 'simple_listener' with the following arguments: {'ament_cmake_args': None, 'build_base': '/home/peach/ros2_ws/src/simple_listener/build/simple_listener', 'catkin_cmake_args': None, 'catkin_skip_building_tests': False, 'cmake_args': None, 'cmake_clean_cache': False, 'cmake_clean_first': False, 'cmake_force_configure': False, 'cmake_target': None, 'cmake_target_skip_unavailable': False, 'install_base': '/home/peach/ros2_ws/src/simple_listener/install/simple_listener', 'merge_install': False, 'path': '/home/peach/ros2_ws/src/simple_listener', 'symlink_install': False, 'test_result_base': None}
[0.744s] INFO:colcon.colcon_core.executor:Executing jobs using 'parallel' executor
[0.745s] DEBUG:colcon.colcon_parallel_executor.executor.parallel:run_until_complete
[0.746s] INFO:colcon.colcon_ros.task.ament_cmake.build:Building ROS package in '/home/peach/ros2_ws/src/simple_listener' with build type 'ament_cmake'
[0.746s] INFO:colcon.colcon_cmake.task.cmake.build:Building CMake package in '/home/peach/ros2_ws/src/simple_listener'
[0.752s] INFO:colcon.colcon_core.plugin_system:Skipping extension 'colcon_core.shell.bat': Not used on non-Windows systems
[0.752s] INFO:colcon.colcon_core.shell:Skip shell extension 'powershell' for command environment: Not usable outside of PowerShell
[0.752s] DEBUG:colcon.colcon_core.shell:Skip shell extension 'dsv' for command environment
[0.777s] DEBUG:colcon.colcon_core.event_handler.log_command:Invoking command in '/home/peach/ros2_ws/src/simple_listener/build/simple_listener': CMAKE_PREFIX_PATH=${CMAKE_PREFIX_PATH}:/opt/ros/humble /usr/bin/cmake --build /home/peach/ros2_ws/src/simple_listener/build/simple_listener -- -j4 -l4
[4.580s] DEBUG:colcon.colcon_core.event_handler.log_command:Invoked command in '/home/peach/ros2_ws/src/simple_listener/build/simple_listener' returned '0': CMAKE_PREFIX_PATH=${CMAKE_PREFIX_PATH}:/opt/ros/humble /usr/bin/cmake --build /home/peach/ros2_ws/src/simple_listener/build/simple_listener -- -j4 -l4
[4.663s] DEBUG:colcon.colcon_core.event_handler.log_command:Invoking command in '/home/peach/ros2_ws/src/simple_listener/build/simple_listener': CMAKE_PREFIX_PATH=${CMAKE_PREFIX_PATH}:/opt/ros/humble /usr/bin/cmake --install /home/peach/ros2_ws/src/simple_listener/build/simple_listener
[4.692s] Level 1:colcon.colcon_core.environment:create_environment_scripts_only(simple_listener)
[4.693s] DEBUG:colcon.colcon_core.event_handler.log_command:Invoked command in '/home/peach/ros2_ws/src/simple_listener/build/simple_listener' returned '0': CMAKE_PREFIX_PATH=${CMAKE_PREFIX_PATH}:/opt/ros/humble /usr/bin/cmake --install /home/peach/ros2_ws/src/simple_listener/build/simple_listener
[4.697s] Level 1:colcon.colcon_core.environment:checking '/home/peach/ros2_ws/src/simple_listener/install/simple_listener' for CMake module files
[4.699s] Level 1:colcon.colcon_core.environment:checking '/home/peach/ros2_ws/src/simple_listener/install/simple_listener' for CMake config files
[4.699s] Level 1:colcon.colcon_core.shell:create_environment_hook('simple_listener', 'cmake_prefix_path')
[4.699s] INFO:colcon.colcon_core.shell:Creating environment hook '/home/peach/ros2_ws/src/simple_listener/install/simple_listener/share/simple_listener/hook/cmake_prefix_path.ps1'
[4.701s] INFO:colcon.colcon_core.shell:Creating environment descriptor '/home/peach/ros2_ws/src/simple_listener/install/simple_listener/share/simple_listener/hook/cmake_prefix_path.dsv'
[4.702s] INFO:colcon.colcon_core.shell:Creating environment hook '/home/peach/ros2_ws/src/simple_listener/install/simple_listener/share/simple_listener/hook/cmake_prefix_path.sh'
[4.703s] Level 1:colcon.colcon_core.environment:checking '/home/peach/ros2_ws/src/simple_listener/install/simple_listener/lib'
[4.704s] Level 1:colcon.colcon_core.environment:checking '/home/peach/ros2_ws/src/simple_listener/install/simple_listener/bin'
[4.704s] Level 1:colcon.colcon_core.environment:checking '/home/peach/ros2_ws/src/simple_listener/install/simple_listener/lib/pkgconfig/simple_listener.pc'
[4.706s] Level 1:colcon.colcon_core.environment:checking '/home/peach/ros2_ws/src/simple_listener/install/simple_listener/lib/python3.10/site-packages'
[4.706s] Level 1:colcon.colcon_core.environment:checking '/home/peach/ros2_ws/src/simple_listener/install/simple_listener/bin'
[4.707s] INFO:colcon.colcon_core.shell:Creating package script '/home/peach/ros2_ws/src/simple_listener/install/simple_listener/share/simple_listener/package.ps1'
[4.708s] INFO:colcon.colcon_core.shell:Creating package descriptor '/home/peach/ros2_ws/src/simple_listener/install/simple_listener/share/simple_listener/package.dsv'
[4.711s] INFO:colcon.colcon_core.shell:Creating package script '/home/peach/ros2_ws/src/simple_listener/install/simple_listener/share/simple_listener/package.sh'
[4.712s] INFO:colcon.colcon_core.shell:Creating package script '/home/peach/ros2_ws/src/simple_listener/install/simple_listener/share/simple_listener/package.bash'
[4.713s] INFO:colcon.colcon_core.shell:Creating package script '/home/peach/ros2_ws/src/simple_listener/install/simple_listener/share/simple_listener/package.zsh'
[4.715s] Level 1:colcon.colcon_core.environment:create_file_with_runtime_dependencies(/home/peach/ros2_ws/src/simple_listener/install/simple_listener/share/colcon-core/packages/simple_listener)
[4.795s] Level 1:colcon.colcon_core.environment:create_environment_scripts_only(simple_listener)
[4.795s] Level 1:colcon.colcon_core.environment:checking '/home/peach/ros2_ws/src/simple_listener/install/simple_listener' for CMake module files
[4.796s] Level 1:colcon.colcon_core.environment:checking '/home/peach/ros2_ws/src/simple_listener/install/simple_listener' for CMake config files
[4.797s] Level 1:colcon.colcon_core.shell:create_environment_hook('simple_listener', 'cmake_prefix_path')
[4.797s] INFO:colcon.colcon_core.shell:Creating environment hook '/home/peach/ros2_ws/src/simple_listener/install/simple_listener/share/simple_listener/hook/cmake_prefix_path.ps1'
[4.798s] INFO:colcon.colcon_core.shell:Creating environment descriptor '/home/peach/ros2_ws/src/simple_listener/install/simple_listener/share/simple_listener/hook/cmake_prefix_path.dsv'
[4.799s] INFO:colcon.colcon_core.shell:Creating environment hook '/home/peach/ros2_ws/src/simple_listener/install/simple_listener/share/simple_listener/hook/cmake_prefix_path.sh'
[4.799s] Level 1:colcon.colcon_core.environment:checking '/home/peach/ros2_ws/src/simple_listener/install/simple_listener/lib'
[4.799s] Level 1:colcon.colcon_core.environment:checking '/home/peach/ros2_ws/src/simple_listener/install/simple_listener/bin'
[4.799s] Level 1:colcon.colcon_core.environment:checking '/home/peach/ros2_ws/src/simple_listener/install/simple_listener/lib/pkgconfig/simple_listener.pc'
[4.800s] Level 1:colcon.colcon_core.environment:checking '/home/peach/ros2_ws/src/simple_listener/install/simple_listener/lib/python3.10/site-packages'
[4.800s] Level 1:colcon.colcon_core.environment:checking '/home/peach/ros2_ws/src/simple_listener/install/simple_listener/bin'
[4.800s] INFO:colcon.colcon_core.shell:Creating package script '/home/peach/ros2_ws/src/simple_listener/install/simple_listener/share/simple_listener/package.ps1'
[4.801s] INFO:colcon.colcon_core.shell:Creating package descriptor '/home/peach/ros2_ws/src/simple_listener/install/simple_listener/share/simple_listener/package.dsv'
[4.801s] INFO:colcon.colcon_core.shell:Creating package script '/home/peach/ros2_ws/src/simple_listener/install/simple_listener/share/simple_listener/package.sh'
[4.802s] INFO:colcon.colcon_core.shell:Creating package script '/home/peach/ros2_ws/src/simple_listener/install/simple_listener/share/simple_listener/package.bash'
[4.802s] INFO:colcon.colcon_core.shell:Creating package script '/home/peach/ros2_ws/src/simple_listener/install/simple_listener/share/simple_listener/package.zsh'
[4.803s] Level 1:colcon.colcon_core.environment:create_file_with_runtime_dependencies(/home/peach/ros2_ws/src/simple_listener/install/simple_listener/share/colcon-core/packages/simple_listener)
[4.803s] DEBUG:colcon.colcon_parallel_executor.executor.parallel:closing loop
[4.803s] DEBUG:colcon.colcon_parallel_executor.executor.parallel:loop closed
[4.803s] DEBUG:colcon.colcon_parallel_executor.executor.parallel:run_until_complete finished with '0'
[4.803s] DEBUG:colcon.colcon_core.event_reactor:joining thread
[4.814s] INFO:colcon.colcon_core.plugin_system:Skipping extension 'colcon_notification.desktop_notification.terminal_notifier': Not used on non-Darwin systems
[4.814s] INFO:colcon.colcon_core.plugin_system:Skipping extension 'colcon_notification.desktop_notification.win32': Not used on non-Windows systems
[4.814s] INFO:colcon.colcon_notification.desktop_notification:Sending desktop notification using 'notify2'
[4.848s] DEBUG:colcon.colcon_core.event_reactor:joined thread
[4.850s] INFO:colcon.colcon_core.shell:Creating prefix script '/home/peach/ros2_ws/src/simple_listener/install/local_setup.ps1'
[4.852s] INFO:colcon.colcon_core.shell:Creating prefix util module '/home/peach/ros2_ws/src/simple_listener/install/_local_setup_util_ps1.py'
[4.853s] INFO:colcon.colcon_core.shell:Creating prefix chain script '/home/peach/ros2_ws/src/simple_listener/install/setup.ps1'
[4.859s] INFO:colcon.colcon_core.shell:Creating prefix script '/home/peach/ros2_ws/src/simple_listener/install/local_setup.sh'
[4.860s] INFO:colcon.colcon_core.shell:Creating prefix util module '/home/peach/ros2_ws/src/simple_listener/install/_local_setup_util_sh.py'
[4.861s] INFO:colcon.colcon_core.shell:Creating prefix chain script '/home/peach/ros2_ws/src/simple_listener/install/setup.sh'
[4.863s] INFO:colcon.colcon_core.shell:Creating prefix script '/home/peach/ros2_ws/src/simple_listener/install/local_setup.bash'
[4.864s] INFO:colcon.colcon_core.shell:Creating prefix chain script '/home/peach/ros2_ws/src/simple_listener/install/setup.bash'
[4.866s] INFO:colcon.colcon_core.shell:Creating prefix script '/home/peach/ros2_ws/src/simple_listener/install/local_setup.zsh'
[4.866s] INFO:colcon.colcon_core.shell:Creating prefix chain script '/home/peach/ros2_ws/src/simple_listener/install/setup.zsh'
