-- Found ament_cmake: 1.3.10 (/opt/ros/humble/share/ament_cmake/cmake)
-- Override CMake install command with custom implementation using symlinks instead of copying resources
-- Found rclcpp: 16.0.10 (/opt/ros/humble/share/rclcpp/cmake)
-- Found rosidl_generator_c: 3.1.5 (/opt/ros/humble/share/rosidl_generator_c/cmake)
-- Found rosidl_adapter: 3.1.5 (/opt/ros/humble/share/rosidl_adapter/cmake)
-- Found rosidl_generator_cpp: 3.1.5 (/opt/ros/humble/share/rosidl_generator_cpp/cmake)
-- Using all available rosidl_typesupport_c: rosidl_typesupport_fastrtps_c;rosidl_typesupport_introspection_c
-- Using all available rosidl_typesupport_cpp: rosidl_typesupport_fastrtps_cpp;rosidl_typesupport_introspection_cpp
-- Found rmw_implementation_cmake: 6.1.2 (/opt/ros/humble/share/rmw_implementation_cmake/cmake)
-- Found rmw_fastrtps_cpp: 6.2.7 (/opt/ros/humble/share/rmw_fastrtps_cpp/cmake)
-- Using RMW implementation 'rmw_fastrtps_cpp' as default
-- Found YARP: /usr/lib/x86_64-linux-gnu/cmake/YARP (found version "3.7.0")
-- Found geometry_msgs: 4.2.4 (/opt/ros/humble/share/geometry_msgs/cmake)
[0mCMake Deprecation Warning at /usr/lib/x86_64-linux-gnu/cmake/YARP/YARPConfig.cmake:233 (message):
  The YARP_INCLUDE_DIRS variable is deprecated
Call Stack (most recent call first):
  /opt/ros/humble/share/ament_cmake_target_dependencies/cmake/ament_target_dependencies.cmake:9223372036854775807 (_yarp_deprecated_variable_warning)
  /opt/ros/humble/share/ament_cmake_target_dependencies/cmake/ament_target_dependencies.cmake:112 (list_append_unique)
  CMakeLists.txt:20 (ament_target_dependencies)

[0m
-- Configuring done
-- Generating done
-- Build files have been written to: /home/peach/ros2_ws/src/simple_listener/build/simple_listener
[35m[1mConsolidate compiler generated dependencies of target simple_listener[0m
[ 50%] [32m[1mLinking CXX executable simple_listener[0m
[100%] Built target simple_listener
-- Install configuration: ""
-- Execute custom install script
-- Symlinking: /home/peach/ros2_ws/src/simple_listener/install/simple_listener/lib/simple_listener/simple_listener
-- Symlinking: /home/peach/ros2_ws/src/simple_listener/install/simple_listener/share/ament_index/resource_index/package_run_dependencies/simple_listener
-- Symlinking: /home/peach/ros2_ws/src/simple_listener/install/simple_listener/share/ament_index/resource_index/parent_prefix_path/simple_listener
-- Symlinking: /home/peach/ros2_ws/src/simple_listener/install/simple_listener/share/simple_listener/environment/ament_prefix_path.sh
-- Symlinking: /home/peach/ros2_ws/src/simple_listener/install/simple_listener/share/simple_listener/environment/ament_prefix_path.dsv
-- Symlinking: /home/peach/ros2_ws/src/simple_listener/install/simple_listener/share/simple_listener/environment/path.sh
-- Symlinking: /home/peach/ros2_ws/src/simple_listener/install/simple_listener/share/simple_listener/environment/path.dsv
-- Symlinking: /home/peach/ros2_ws/src/simple_listener/install/simple_listener/share/simple_listener/local_setup.bash
-- Symlinking: /home/peach/ros2_ws/src/simple_listener/install/simple_listener/share/simple_listener/local_setup.sh
-- Symlinking: /home/peach/ros2_ws/src/simple_listener/install/simple_listener/share/simple_listener/local_setup.zsh
-- Symlinking: /home/peach/ros2_ws/src/simple_listener/install/simple_listener/share/simple_listener/local_setup.dsv
-- Symlinking: /home/peach/ros2_ws/src/simple_listener/install/simple_listener/share/simple_listener/package.dsv
-- Symlinking: /home/peach/ros2_ws/src/simple_listener/install/simple_listener/share/ament_index/resource_index/packages/simple_listener
-- Symlinking: /home/peach/ros2_ws/src/simple_listener/install/simple_listener/share/simple_listener/cmake/simple_listenerConfig.cmake
-- Symlinking: /home/peach/ros2_ws/src/simple_listener/install/simple_listener/share/simple_listener/cmake/simple_listenerConfig-version.cmake
-- Symlinking: /home/peach/ros2_ws/src/simple_listener/install/simple_listener/share/simple_listener/package.xml
