[0.019s] Invoking command in '/home/peach/ros2_ws/src/simple_listener/build/simple_listener': CMAKE_PREFIX_PATH=${CMAKE_PREFIX_PATH}:/opt/ros/humble /usr/bin/cmake --build /home/peach/ros2_ws/src/simple_listener/build/simple_listener -- -j4 -l4
[0.072s] -- Found ament_cmake: 1.3.10 (/opt/ros/humble/share/ament_cmake/cmake)
[0.214s] -- Found rclcpp: 16.0.10 (/opt/ros/humble/share/rclcpp/cmake)
[0.249s] -- Found rosidl_generator_c: 3.1.5 (/opt/ros/humble/share/rosidl_generator_c/cmake)
[0.253s] -- Found rosidl_adapter: 3.1.5 (/opt/ros/humble/share/rosidl_adapter/cmake)
[0.261s] -- Found rosidl_generator_cpp: 3.1.5 (/opt/ros/humble/share/rosidl_generator_cpp/cmake)
[0.274s] -- Using all available rosidl_typesupport_c: rosidl_typesupport_fastrtps_c;rosidl_typesupport_introspection_c
[0.291s] -- Using all available rosidl_typesupport_cpp: rosidl_typesupport_fastrtps_cpp;rosidl_typesupport_introspection_cpp
[0.330s] -- Found rmw_implementation_cmake: 6.1.2 (/opt/ros/humble/share/rmw_implementation_cmake/cmake)
[0.331s] -- Found rmw_fastrtps_cpp: 6.2.7 (/opt/ros/humble/share/rmw_fastrtps_cpp/cmake)
[0.459s] -- Using RMW implementation 'rmw_fastrtps_cpp' as default
[0.530s] -- Found YARP: /usr/lib/x86_64-linux-gnu/cmake/YARP (found version "3.7.0")
[0.534s] -- Found geometry_msgs: 4.2.4 (/opt/ros/humble/share/geometry_msgs/cmake)
[0.547s] [0mCMake Deprecation Warning at /usr/lib/x86_64-linux-gnu/cmake/YARP/YARPConfig.cmake:233 (message):
[0.547s]   The YARP_INCLUDE_DIRS variable is deprecated
[0.547s] Call Stack (most recent call first):
[0.547s]   /opt/ros/humble/share/ament_cmake_target_dependencies/cmake/ament_target_dependencies.cmake:9223372036854775807 (_yarp_deprecated_variable_warning)
[0.547s]   /opt/ros/humble/share/ament_cmake_target_dependencies/cmake/ament_target_dependencies.cmake:112 (list_append_unique)
[0.547s]   CMakeLists.txt:20 (ament_target_dependencies)
[0.547s] 
[0.547s] [0m
[0.617s] -- Configuring done
[0.639s] -- Generating done
[0.643s] -- Build files have been written to: /home/peach/ros2_ws/src/simple_listener/build/simple_listener
[0.694s] [35m[1mConsolidate compiler generated dependencies of target simple_listener[0m
[0.734s] [ 50%] [32mBuilding CXX object CMakeFiles/simple_listener.dir/src/main.cpp.o[0m
[3.473s] [01m[K/home/peach/ros2_ws/src/simple_listener/src/main.cpp:[m[K In member function ‘[01m[Kvoid YarpReceiver::receive_message()[m[K’:
[3.474s] [01m[K/home/peach/ros2_ws/src/simple_listener/src/main.cpp:65:27:[m[K [01;35m[Kwarning: [m[Kunused variable ‘[01m[Kbc[m[K’ [[01;35m[K]8;;https://gcc.gnu.org/onlinedocs/gcc/Warning-Options.html#index-Wunused-variable-Wunused-variable]8;;[m[K]
[3.474s]    65 |         yarp::os::Bottle* [01;35m[Kbc[m[K = p_cmd.read();
[3.474s]       |                           [01;35m[K^~[m[K
[3.476s] [01m[K/home/peach/ros2_ws/src/simple_listener/src/main.cpp:[m[K In member function ‘[01m[Kvoid YarpReceiver::cmd_callback(geometry_msgs::msg::Twist_<std::allocator<void> >::SharedPtr)[m[K’:
[3.476s] [01m[K/home/peach/ros2_ws/src/simple_listener/src/main.cpp:83:27:[m[K [01;35m[Kwarning: [m[Kcomparison of integer expressions of different signedness: ‘[01m[Kint[m[K’ and ‘[01m[Kstd::vector<double, std::allocator<double> >::size_type[m[K’ {aka ‘[01m[Klong unsigned int[m[K’} [[01;35m[K]8;;https://gcc.gnu.org/onlinedocs/gcc/Warning-Options.html#index-Wsign-compare-Wsign-compare]8;;[m[K]
[3.476s]    83 |         for (int i = 0; [01;35m[Ki < cmd.size()[m[K; i++)
[3.476s]       |                         [01;35m[K~~^~~~~~~~~~~~[m[K
[8.626s] [100%] [32m[1mLinking CXX executable simple_listener[0m
[9.322s] [100%] Built target simple_listener
[9.340s] Invoked command in '/home/peach/ros2_ws/src/simple_listener/build/simple_listener' returned '0': CMAKE_PREFIX_PATH=${CMAKE_PREFIX_PATH}:/opt/ros/humble /usr/bin/cmake --build /home/peach/ros2_ws/src/simple_listener/build/simple_listener -- -j4 -l4
[9.417s] Invoking command in '/home/peach/ros2_ws/src/simple_listener/build/simple_listener': CMAKE_PREFIX_PATH=${CMAKE_PREFIX_PATH}:/opt/ros/humble /usr/bin/cmake --install /home/peach/ros2_ws/src/simple_listener/build/simple_listener
[9.429s] -- Install configuration: ""
[9.431s] -- Installing: /home/peach/ros2_ws/src/simple_listener/install/simple_listener/lib/simple_listener/simple_listener
[9.441s] -- Set runtime path of "/home/peach/ros2_ws/src/simple_listener/install/simple_listener/lib/simple_listener/simple_listener" to ""
[9.441s] -- Up-to-date: /home/peach/ros2_ws/src/simple_listener/install/simple_listener/share/ament_index/resource_index/package_run_dependencies/simple_listener
[9.442s] -- Installing: /home/peach/ros2_ws/src/simple_listener/install/simple_listener/share/ament_index/resource_index/parent_prefix_path/simple_listener
[9.444s] -- Up-to-date: /home/peach/ros2_ws/src/simple_listener/install/simple_listener/share/simple_listener/environment/ament_prefix_path.sh
[9.444s] -- Installing: /home/peach/ros2_ws/src/simple_listener/install/simple_listener/share/simple_listener/environment/ament_prefix_path.dsv
[9.444s] -- Up-to-date: /home/peach/ros2_ws/src/simple_listener/install/simple_listener/share/simple_listener/environment/path.sh
[9.444s] -- Installing: /home/peach/ros2_ws/src/simple_listener/install/simple_listener/share/simple_listener/environment/path.dsv
[9.445s] -- Up-to-date: /home/peach/ros2_ws/src/simple_listener/install/simple_listener/share/simple_listener/local_setup.bash
[9.445s] -- Up-to-date: /home/peach/ros2_ws/src/simple_listener/install/simple_listener/share/simple_listener/local_setup.sh
[9.445s] -- Up-to-date: /home/peach/ros2_ws/src/simple_listener/install/simple_listener/share/simple_listener/local_setup.zsh
[9.445s] -- Installing: /home/peach/ros2_ws/src/simple_listener/install/simple_listener/share/simple_listener/local_setup.dsv
[9.445s] -- Installing: /home/peach/ros2_ws/src/simple_listener/install/simple_listener/share/simple_listener/package.dsv
[9.446s] -- Up-to-date: /home/peach/ros2_ws/src/simple_listener/install/simple_listener/share/ament_index/resource_index/packages/simple_listener
[9.446s] -- Up-to-date: /home/peach/ros2_ws/src/simple_listener/install/simple_listener/share/simple_listener/cmake/simple_listenerConfig.cmake
[9.446s] -- Up-to-date: /home/peach/ros2_ws/src/simple_listener/install/simple_listener/share/simple_listener/cmake/simple_listenerConfig-version.cmake
[9.446s] -- Up-to-date: /home/peach/ros2_ws/src/simple_listener/install/simple_listener/share/simple_listener/package.xml
[9.450s] Invoked command in '/home/peach/ros2_ws/src/simple_listener/build/simple_listener' returned '0': CMAKE_PREFIX_PATH=${CMAKE_PREFIX_PATH}:/opt/ros/humble /usr/bin/cmake --install /home/peach/ros2_ws/src/simple_listener/build/simple_listener
