[0.019s] Invoking command in '/home/peach/ros2_ws/src/simple_listener/build/simple_listener': CMAKE_PREFIX_PATH=${CMAKE_PREFIX_PATH}:/opt/ros/humble /usr/bin/cmake /home/peach/ros2_ws/src/simple_listener -DCMAKE_INSTALL_PREFIX=/home/peach/ros2_ws/src/simple_listener/install/simple_listener
[0.196s] -- The C compiler identification is GNU 11.4.0
[0.340s] -- The CXX compiler identification is GNU 11.4.0
[0.363s] -- Detecting C compiler ABI info
[0.561s] -- Detecting C compiler ABI info - done
[0.565s] -- Check for working C compiler: /usr/bin/cc - skipped
[0.566s] -- Detecting C compile features
[0.569s] -- Detecting C compile features - done
[0.574s] -- Detecting CXX compiler ABI info
[0.726s] -- Detecting CXX compiler ABI info - done
[0.737s] -- Check for working CXX compiler: /usr/bin/c++ - skipped
[0.737s] -- Detecting CXX compile features
[0.737s] -- Detecting CXX compile features - done
[0.751s] -- Found ament_cmake: 1.3.10 (/opt/ros/humble/share/ament_cmake/cmake)
[0.946s] -- Found Python3: /usr/bin/python3 (found version "3.10.12") found components: Interpreter 
[1.090s] -- Found rclcpp: 16.0.10 (/opt/ros/humble/share/rclcpp/cmake)
[1.173s] -- Found rosidl_generator_c: 3.1.5 (/opt/ros/humble/share/rosidl_generator_c/cmake)
[1.183s] -- Found rosidl_adapter: 3.1.5 (/opt/ros/humble/share/rosidl_adapter/cmake)
[1.198s] -- Found rosidl_generator_cpp: 3.1.5 (/opt/ros/humble/share/rosidl_generator_cpp/cmake)
[1.225s] -- Using all available rosidl_typesupport_c: rosidl_typesupport_fastrtps_c;rosidl_typesupport_introspection_c
[1.257s] -- Using all available rosidl_typesupport_cpp: rosidl_typesupport_fastrtps_cpp;rosidl_typesupport_introspection_cpp
[1.334s] -- Found rmw_implementation_cmake: 6.1.2 (/opt/ros/humble/share/rmw_implementation_cmake/cmake)
[1.340s] -- Found rmw_fastrtps_cpp: 6.2.7 (/opt/ros/humble/share/rmw_fastrtps_cpp/cmake)
[1.489s] -- Found OpenSSL: /usr/lib/x86_64-linux-gnu/libcrypto.so (found version "3.0.2")  
[1.527s] -- Found FastRTPS: /opt/ros/humble/include  
[1.595s] -- Using RMW implementation 'rmw_fastrtps_cpp' as default
[1.613s] -- Looking for pthread.h
[1.752s] -- Looking for pthread.h - found
[1.754s] -- Performing Test CMAKE_HAVE_LIBC_PTHREAD
[1.910s] -- Performing Test CMAKE_HAVE_LIBC_PTHREAD - Success
[1.913s] -- Found Threads: TRUE  
[2.048s] -- Found YARP: /usr/lib/x86_64-linux-gnu/cmake/YARP (found version "3.7.0")
[2.049s] [0mCMake Deprecation Warning at /usr/lib/x86_64-linux-gnu/cmake/YARP/YARPConfig.cmake:233 (message):
[2.049s]   The YARP_INCLUDE_DIRS variable is deprecated
[2.049s] Call Stack (most recent call first):
[2.049s]   /opt/ros/humble/share/ament_cmake_target_dependencies/cmake/ament_target_dependencies.cmake:9223372036854775807 (_yarp_deprecated_variable_warning)
[2.049s]   /opt/ros/humble/share/ament_cmake_target_dependencies/cmake/ament_target_dependencies.cmake:112 (list_append_unique)
[2.049s]   CMakeLists.txt:19 (ament_target_dependencies)
[2.049s] 
[2.049s] [0m
[2.131s] -- Configuring done
[2.153s] -- Generating done
[2.156s] -- Build files have been written to: /home/peach/ros2_ws/src/simple_listener/build/simple_listener
[2.172s] Invoked command in '/home/peach/ros2_ws/src/simple_listener/build/simple_listener' returned '0': CMAKE_PREFIX_PATH=${CMAKE_PREFIX_PATH}:/opt/ros/humble /usr/bin/cmake /home/peach/ros2_ws/src/simple_listener -DCMAKE_INSTALL_PREFIX=/home/peach/ros2_ws/src/simple_listener/install/simple_listener
[2.175s] Invoking command in '/home/peach/ros2_ws/src/simple_listener/build/simple_listener': CMAKE_PREFIX_PATH=${CMAKE_PREFIX_PATH}:/opt/ros/humble /usr/bin/cmake --build /home/peach/ros2_ws/src/simple_listener/build/simple_listener -- -j4 -l4
[2.304s] [ 50%] [32mBuilding CXX object CMakeFiles/simple_listener.dir/src/main.cpp.o[0m
[2.496s] [01m[K/home/peach/ros2_ws/src/simple_listener/src/main.cpp:2:10:[m[K [01;31m[Kfatal error: [m[Kyarp::os::Network.h: No such file or directory
[2.497s]     2 | #include [01;31m[K<yarp::os::Network.h>[m[K
[2.497s]       |          [01;31m[K^~~~~~~~~~~~~~~~~~~~~[m[K
[2.497s] compilation terminated.
[2.497s] gmake[2]: *** [CMakeFiles/simple_listener.dir/build.make:76: CMakeFiles/simple_listener.dir/src/main.cpp.o] Error 1
[2.498s] gmake[1]: *** [CMakeFiles/Makefile2:137: CMakeFiles/simple_listener.dir/all] Error 2
[2.498s] gmake: *** [Makefile:146: all] Error 2
[2.506s] Invoked command in '/home/peach/ros2_ws/src/simple_listener/build/simple_listener' returned '2': CMAKE_PREFIX_PATH=${CMAKE_PREFIX_PATH}:/opt/ros/humble /usr/bin/cmake --build /home/peach/ros2_ws/src/simple_listener/build/simple_listener -- -j4 -l4
