[0.173s] DEBUG:colcon:Command line arguments: ['/usr/bin/colcon', 'build']
[0.173s] DEBUG:colcon:Parsed command line arguments: Namespace(log_base=None, log_level=None, verb_name='build', build_base='build', install_base='install', merge_install=False, symlink_install=False, test_result_base=None, continue_on_error=False, executor='parallel', parallel_workers=4, event_handlers=None, ignore_user_meta=False, metas=['./colcon.meta'], base_paths=['.'], packages_ignore=None, packages_ignore_regex=None, paths=None, packages_up_to=None, packages_up_to_regex=None, packages_above=None, packages_above_and_dependencies=None, packages_above_depth=None, packages_select_by_dep=None, packages_skip_by_dep=None, packages_skip_up_to=None, packages_select_build_failed=False, packages_skip_build_finished=False, packages_select_test_failures=False, packages_skip_test_passed=False, packages_select=None, packages_skip=None, packages_select_regex=None, packages_skip_regex=None, packages_start=None, packages_end=None, allow_overriding=[], cmake_args=None, cmake_target=None, cmake_target_skip_unavailable=False, cmake_clean_cache=False, cmake_clean_first=False, cmake_force_configure=False, ament_cmake_args=None, catkin_cmake_args=None, catkin_skip_building_tests=False, verb_parser=<colcon_defaults.argument_parser.defaults.DefaultArgumentsDecorator object at 0x798eeb107dc0>, verb_extension=<colcon_core.verb.build.BuildVerb object at 0x798eeb1077f0>, main=<bound method BuildVerb.main of <colcon_core.verb.build.BuildVerb object at 0x798eeb1077f0>>)
[0.344s] Level 1:colcon.colcon_core.package_discovery:discover_packages(colcon_meta) check parameters
[0.345s] Level 1:colcon.colcon_core.package_discovery:discover_packages(recursive) check parameters
[0.345s] Level 1:colcon.colcon_core.package_discovery:discover_packages(ignore) check parameters
[0.345s] Level 1:colcon.colcon_core.package_discovery:discover_packages(path) check parameters
[0.345s] Level 1:colcon.colcon_core.package_discovery:discover_packages(colcon_meta) discover
[0.345s] Level 1:colcon.colcon_core.package_discovery:discover_packages(recursive) discover
[0.345s] INFO:colcon.colcon_core.package_discovery:Crawling recursively for packages in '/home/peach/ros2_ws/src/simple_listener'
[0.345s] Level 1:colcon.colcon_core.package_identification:_identify(.) by extensions ['ignore', 'ignore_ament_install']
[0.345s] Level 1:colcon.colcon_core.package_identification:_identify(.) by extension 'ignore'
[0.345s] Level 1:colcon.colcon_core.package_identification:_identify(.) by extension 'ignore_ament_install'
[0.345s] Level 1:colcon.colcon_core.package_identification:_identify(.) by extensions ['colcon_pkg']
[0.345s] Level 1:colcon.colcon_core.package_identification:_identify(.) by extension 'colcon_pkg'
[0.345s] Level 1:colcon.colcon_core.package_identification:_identify(.) by extensions ['colcon_meta']
[0.345s] Level 1:colcon.colcon_core.package_identification:_identify(.) by extension 'colcon_meta'
[0.345s] Level 1:colcon.colcon_core.package_identification:_identify(.) by extensions ['ros']
[0.346s] Level 1:colcon.colcon_core.package_identification:_identify(.) by extension 'ros'
[0.359s] DEBUG:colcon.colcon_core.package_identification:Package '.' with type 'ros.ament_cmake' and name 'simple_listener'
[0.359s] Level 1:colcon.colcon_core.package_discovery:discover_packages(recursive) using defaults
[0.359s] Level 1:colcon.colcon_core.package_discovery:discover_packages(ignore) discover
[0.359s] Level 1:colcon.colcon_core.package_discovery:discover_packages(ignore) using defaults
[0.359s] Level 1:colcon.colcon_core.package_discovery:discover_packages(path) discover
[0.359s] Level 1:colcon.colcon_core.package_discovery:discover_packages(path) using defaults
[0.378s] Level 1:colcon.colcon_core.package_discovery:discover_packages(prefix_path) check parameters
[0.378s] Level 1:colcon.colcon_core.package_discovery:discover_packages(prefix_path) discover
[0.380s] DEBUG:colcon.colcon_installed_package_information.package_discovery:Found 5 installed packages in /home/peach/install
[0.384s] DEBUG:colcon.colcon_installed_package_information.package_discovery:Found 313 installed packages in /opt/ros/humble
[0.386s] Level 1:colcon.colcon_core.package_discovery:discover_packages(prefix_path) using defaults
[0.484s] Level 5:colcon.colcon_core.verb:set package 'simple_listener' build argument 'cmake_args' from command line to 'None'
[0.484s] Level 5:colcon.colcon_core.verb:set package 'simple_listener' build argument 'cmake_target' from command line to 'None'
[0.484s] Level 5:colcon.colcon_core.verb:set package 'simple_listener' build argument 'cmake_target_skip_unavailable' from command line to 'False'
[0.484s] Level 5:colcon.colcon_core.verb:set package 'simple_listener' build argument 'cmake_clean_cache' from command line to 'False'
[0.484s] Level 5:colcon.colcon_core.verb:set package 'simple_listener' build argument 'cmake_clean_first' from command line to 'False'
[0.484s] Level 5:colcon.colcon_core.verb:set package 'simple_listener' build argument 'cmake_force_configure' from command line to 'False'
[0.484s] Level 5:colcon.colcon_core.verb:set package 'simple_listener' build argument 'ament_cmake_args' from command line to 'None'
[0.484s] Level 5:colcon.colcon_core.verb:set package 'simple_listener' build argument 'catkin_cmake_args' from command line to 'None'
[0.484s] Level 5:colcon.colcon_core.verb:set package 'simple_listener' build argument 'catkin_skip_building_tests' from command line to 'False'
[0.484s] DEBUG:colcon.colcon_core.verb:Building package 'simple_listener' with the following arguments: {'ament_cmake_args': None, 'build_base': '/home/peach/ros2_ws/src/simple_listener/build/simple_listener', 'catkin_cmake_args': None, 'catkin_skip_building_tests': False, 'cmake_args': None, 'cmake_clean_cache': False, 'cmake_clean_first': False, 'cmake_force_configure': False, 'cmake_target': None, 'cmake_target_skip_unavailable': False, 'install_base': '/home/peach/ros2_ws/src/simple_listener/install/simple_listener', 'merge_install': False, 'path': '/home/peach/ros2_ws/src/simple_listener', 'symlink_install': False, 'test_result_base': None}
[0.484s] INFO:colcon.colcon_core.executor:Executing jobs using 'parallel' executor
[0.489s] DEBUG:colcon.colcon_parallel_executor.executor.parallel:run_until_complete
[0.489s] INFO:colcon.colcon_ros.task.ament_cmake.build:Building ROS package in '/home/peach/ros2_ws/src/simple_listener' with build type 'ament_cmake'
[0.489s] INFO:colcon.colcon_cmake.task.cmake.build:Building CMake package in '/home/peach/ros2_ws/src/simple_listener'
[0.491s] INFO:colcon.colcon_core.plugin_system:Skipping extension 'colcon_core.shell.bat': Not used on non-Windows systems
[0.492s] INFO:colcon.colcon_core.shell:Skip shell extension 'powershell' for command environment: Not usable outside of PowerShell
[0.492s] DEBUG:colcon.colcon_core.shell:Skip shell extension 'dsv' for command environment
[0.506s] DEBUG:colcon.colcon_core.event_handler.log_command:Invoking command in '/home/peach/ros2_ws/src/simple_listener/build/simple_listener': CMAKE_PREFIX_PATH=${CMAKE_PREFIX_PATH}:/opt/ros/humble /usr/bin/cmake --build /home/peach/ros2_ws/src/simple_listener/build/simple_listener -- -j4 -l4
[4.641s] DEBUG:colcon.colcon_core.event_handler.log_command:Invoked command in '/home/peach/ros2_ws/src/simple_listener/build/simple_listener' returned '0': CMAKE_PREFIX_PATH=${CMAKE_PREFIX_PATH}:/opt/ros/humble /usr/bin/cmake --build /home/peach/ros2_ws/src/simple_listener/build/simple_listener -- -j4 -l4
[4.736s] DEBUG:colcon.colcon_core.event_handler.log_command:Invoking command in '/home/peach/ros2_ws/src/simple_listener/build/simple_listener': CMAKE_PREFIX_PATH=${CMAKE_PREFIX_PATH}:/opt/ros/humble /usr/bin/cmake --install /home/peach/ros2_ws/src/simple_listener/build/simple_listener
[4.760s] Level 1:colcon.colcon_core.environment:create_environment_scripts_only(simple_listener)
[4.761s] DEBUG:colcon.colcon_core.event_handler.log_command:Invoked command in '/home/peach/ros2_ws/src/simple_listener/build/simple_listener' returned '0': CMAKE_PREFIX_PATH=${CMAKE_PREFIX_PATH}:/opt/ros/humble /usr/bin/cmake --install /home/peach/ros2_ws/src/simple_listener/build/simple_listener
[4.764s] Level 1:colcon.colcon_core.environment:checking '/home/peach/ros2_ws/src/simple_listener/install/simple_listener' for CMake module files
[4.765s] Level 1:colcon.colcon_core.environment:checking '/home/peach/ros2_ws/src/simple_listener/install/simple_listener' for CMake config files
[4.766s] Level 1:colcon.colcon_core.shell:create_environment_hook('simple_listener', 'cmake_prefix_path')
[4.766s] INFO:colcon.colcon_core.shell:Creating environment hook '/home/peach/ros2_ws/src/simple_listener/install/simple_listener/share/simple_listener/hook/cmake_prefix_path.ps1'
[4.768s] INFO:colcon.colcon_core.shell:Creating environment descriptor '/home/peach/ros2_ws/src/simple_listener/install/simple_listener/share/simple_listener/hook/cmake_prefix_path.dsv'
[4.769s] INFO:colcon.colcon_core.shell:Creating environment hook '/home/peach/ros2_ws/src/simple_listener/install/simple_listener/share/simple_listener/hook/cmake_prefix_path.sh'
[4.772s] Level 1:colcon.colcon_core.environment:checking '/home/peach/ros2_ws/src/simple_listener/install/simple_listener/lib'
[4.772s] Level 1:colcon.colcon_core.environment:checking '/home/peach/ros2_ws/src/simple_listener/install/simple_listener/bin'
[4.773s] Level 1:colcon.colcon_core.environment:checking '/home/peach/ros2_ws/src/simple_listener/install/simple_listener/lib/pkgconfig/simple_listener.pc'
[4.773s] Level 1:colcon.colcon_core.environment:checking '/home/peach/ros2_ws/src/simple_listener/install/simple_listener/lib/python3.10/site-packages'
[4.773s] Level 1:colcon.colcon_core.environment:checking '/home/peach/ros2_ws/src/simple_listener/install/simple_listener/bin'
[4.773s] INFO:colcon.colcon_core.shell:Creating package script '/home/peach/ros2_ws/src/simple_listener/install/simple_listener/share/simple_listener/package.ps1'
[4.775s] INFO:colcon.colcon_core.shell:Creating package descriptor '/home/peach/ros2_ws/src/simple_listener/install/simple_listener/share/simple_listener/package.dsv'
[4.776s] INFO:colcon.colcon_core.shell:Creating package script '/home/peach/ros2_ws/src/simple_listener/install/simple_listener/share/simple_listener/package.sh'
[4.777s] INFO:colcon.colcon_core.shell:Creating package script '/home/peach/ros2_ws/src/simple_listener/install/simple_listener/share/simple_listener/package.bash'
[4.778s] INFO:colcon.colcon_core.shell:Creating package script '/home/peach/ros2_ws/src/simple_listener/install/simple_listener/share/simple_listener/package.zsh'
[4.780s] Level 1:colcon.colcon_core.environment:create_file_with_runtime_dependencies(/home/peach/ros2_ws/src/simple_listener/install/simple_listener/share/colcon-core/packages/simple_listener)
[4.852s] Level 1:colcon.colcon_core.environment:create_environment_scripts_only(simple_listener)
[4.852s] Level 1:colcon.colcon_core.environment:checking '/home/peach/ros2_ws/src/simple_listener/install/simple_listener' for CMake module files
[4.853s] Level 1:colcon.colcon_core.environment:checking '/home/peach/ros2_ws/src/simple_listener/install/simple_listener' for CMake config files
[4.853s] Level 1:colcon.colcon_core.shell:create_environment_hook('simple_listener', 'cmake_prefix_path')
[4.853s] INFO:colcon.colcon_core.shell:Creating environment hook '/home/peach/ros2_ws/src/simple_listener/install/simple_listener/share/simple_listener/hook/cmake_prefix_path.ps1'
[4.854s] INFO:colcon.colcon_core.shell:Creating environment descriptor '/home/peach/ros2_ws/src/simple_listener/install/simple_listener/share/simple_listener/hook/cmake_prefix_path.dsv'
[4.855s] INFO:colcon.colcon_core.shell:Creating environment hook '/home/peach/ros2_ws/src/simple_listener/install/simple_listener/share/simple_listener/hook/cmake_prefix_path.sh'
[4.855s] Level 1:colcon.colcon_core.environment:checking '/home/peach/ros2_ws/src/simple_listener/install/simple_listener/lib'
[4.856s] Level 1:colcon.colcon_core.environment:checking '/home/peach/ros2_ws/src/simple_listener/install/simple_listener/bin'
[4.856s] Level 1:colcon.colcon_core.environment:checking '/home/peach/ros2_ws/src/simple_listener/install/simple_listener/lib/pkgconfig/simple_listener.pc'
[4.856s] Level 1:colcon.colcon_core.environment:checking '/home/peach/ros2_ws/src/simple_listener/install/simple_listener/lib/python3.10/site-packages'
[4.856s] Level 1:colcon.colcon_core.environment:checking '/home/peach/ros2_ws/src/simple_listener/install/simple_listener/bin'
[4.856s] INFO:colcon.colcon_core.shell:Creating package script '/home/peach/ros2_ws/src/simple_listener/install/simple_listener/share/simple_listener/package.ps1'
[4.857s] INFO:colcon.colcon_core.shell:Creating package descriptor '/home/peach/ros2_ws/src/simple_listener/install/simple_listener/share/simple_listener/package.dsv'
[4.857s] INFO:colcon.colcon_core.shell:Creating package script '/home/peach/ros2_ws/src/simple_listener/install/simple_listener/share/simple_listener/package.sh'
[4.858s] INFO:colcon.colcon_core.shell:Creating package script '/home/peach/ros2_ws/src/simple_listener/install/simple_listener/share/simple_listener/package.bash'
[4.858s] INFO:colcon.colcon_core.shell:Creating package script '/home/peach/ros2_ws/src/simple_listener/install/simple_listener/share/simple_listener/package.zsh'
[4.859s] Level 1:colcon.colcon_core.environment:create_file_with_runtime_dependencies(/home/peach/ros2_ws/src/simple_listener/install/simple_listener/share/colcon-core/packages/simple_listener)
[4.859s] DEBUG:colcon.colcon_parallel_executor.executor.parallel:closing loop
[4.860s] DEBUG:colcon.colcon_parallel_executor.executor.parallel:loop closed
[4.860s] DEBUG:colcon.colcon_parallel_executor.executor.parallel:run_until_complete finished with '0'
[4.860s] DEBUG:colcon.colcon_core.event_reactor:joining thread
[4.870s] INFO:colcon.colcon_core.plugin_system:Skipping extension 'colcon_notification.desktop_notification.terminal_notifier': Not used on non-Darwin systems
[4.870s] INFO:colcon.colcon_core.plugin_system:Skipping extension 'colcon_notification.desktop_notification.win32': Not used on non-Windows systems
[4.871s] INFO:colcon.colcon_notification.desktop_notification:Sending desktop notification using 'notify2'
[4.890s] DEBUG:colcon.colcon_core.event_reactor:joined thread
[4.891s] INFO:colcon.colcon_core.shell:Creating prefix script '/home/peach/ros2_ws/src/simple_listener/install/local_setup.ps1'
[4.895s] INFO:colcon.colcon_core.shell:Creating prefix util module '/home/peach/ros2_ws/src/simple_listener/install/_local_setup_util_ps1.py'
[4.898s] INFO:colcon.colcon_core.shell:Creating prefix chain script '/home/peach/ros2_ws/src/simple_listener/install/setup.ps1'
[4.899s] INFO:colcon.colcon_core.shell:Creating prefix script '/home/peach/ros2_ws/src/simple_listener/install/local_setup.sh'
[4.900s] INFO:colcon.colcon_core.shell:Creating prefix util module '/home/peach/ros2_ws/src/simple_listener/install/_local_setup_util_sh.py'
[4.900s] INFO:colcon.colcon_core.shell:Creating prefix chain script '/home/peach/ros2_ws/src/simple_listener/install/setup.sh'
[4.902s] INFO:colcon.colcon_core.shell:Creating prefix script '/home/peach/ros2_ws/src/simple_listener/install/local_setup.bash'
[4.903s] INFO:colcon.colcon_core.shell:Creating prefix chain script '/home/peach/ros2_ws/src/simple_listener/install/setup.bash'
[4.904s] INFO:colcon.colcon_core.shell:Creating prefix script '/home/peach/ros2_ws/src/simple_listener/install/local_setup.zsh'
[4.905s] INFO:colcon.colcon_core.shell:Creating prefix chain script '/home/peach/ros2_ws/src/simple_listener/install/setup.zsh'
